{"level":"error","status":404}
{"level":"error","status":404}
{"level":"error","status":404}
{"level":"error","status":404}
{"level":"error","status":404}
{"level":"error","status":404}
{"level":"error","status":404}
{"level":"error","status":404}
{"level":"error","status":404}
{"level":"error","status":404}
{"level":"error","status":404}
{"level":"error","status":404}
{"level":"error","status":404}
{"level":"error","status":404}
{"level":"error","status":404}
{"level":"error","status":404}
{"level":"error","status":404}
{"level":"error","status":404}
{"level":"error","status":404}
{"level":"error","status":404}
{"level":"error","status":404}
{"level":"error","status":404}
{"level":"error","status":404}
{"level":"error","status":404}
{"level":"error","status":404}
{"level":"error","status":404}
{"level":"error","status":404}
{"level":"error","status":404}
{"level":"error","status":404}
{"level":"error","status":404}
{"level":"error","status":404}
{"level":"error","status":404}
{"level":"error","status":404}
{"level":"error","status":404}
{"body":"\"64e9800fd36e71e123857275\"","expose":true,"level":"error","status":400,"statusCode":400,"type":"entity.parse.failed"}
{"body":"\"64e9800fd36e71e123857275\"","expose":true,"level":"error","status":400,"statusCode":400,"type":"entity.parse.failed"}
{"body":"\"64e9800fd36e71e123857275\"","expose":true,"level":"error","status":400,"statusCode":400,"type":"entity.parse.failed"}
{"level":"error","path":"D:\\demoo\\fresh fit finds\\views\\product\\bagmain.ejs"}
{"level":"error","path":"D:\\demoo\\fresh fit finds\\views\\product\\bagmain.ejs"}
{"level":"error","path":"D:\\demoo\\fresh fit finds\\views\\product\\bagmain.ejs"}
{"level":"error","path":"D:\\demoo\\fresh fit finds\\views\\product\\bagmain.ejs"}
{"level":"error","path":"D:\\demoo\\fresh fit finds\\views\\product\\bagmain.ejs"}
{"level":"error","path":"D:\\demoo\\fresh fit finds\\views\\product\\bagmain.ejs"}
{"level":"error","path":"D:\\demoo\\fresh fit finds\\views\\product\\bagmain.ejs"}
{"level":"error","path":"D:\\demoo\\fresh fit finds\\views\\product\\bagmain.ejs"}
{"level":"error","path":"D:\\demoo\\fresh fit finds\\views\\product\\bagmain.ejs"}
{"level":"error","path":"D:\\demoo\\fresh fit finds\\views\\product\\bagmain.ejs"}
{"level":"error","path":"D:\\demoo\\fresh fit finds\\views\\product\\bagmain.ejs"}
{"level":"error","path":"D:\\demoo\\fresh fit finds\\views\\product\\bagmain.ejs"}
{"level":"error","path":"D:\\demoo\\fresh fit finds\\views\\product\\bagmain.ejs"}
{"level":"error","path":"D:\\demoo\\fresh fit finds\\views\\product\\bagmain.ejs"}
{"level":"error","path":"D:\\demoo\\fresh fit finds\\views\\product\\bagmain.ejs"}
{"level":"error","path":"D:\\demoo\\fresh fit finds\\views\\product\\bagmain.ejs"}
{"level":"error","path":"D:\\demoo\\fresh fit finds\\views\\product\\bagmain.ejs"}
{"level":"error","path":"D:\\demoo\\fresh fit finds\\views\\product\\bagmain.ejs"}
{"level":"error","path":"D:\\demoo\\fresh fit finds\\views\\product\\bagmain.ejs"}
{"level":"error","path":"D:\\demoo\\fresh fit finds\\views\\product\\bagmain.ejs"}
{"level":"error","path":"D:\\demoo\\fresh fit finds\\views\\product\\bagmain.ejs"}
{"level":"error","path":"D:\\demoo\\fresh fit finds\\views\\product\\bagmain.ejs"}
{"level":"error","path":"D:\\demoo\\fresh fit finds\\views\\product\\bagmain.ejs"}
{"level":"error","path":"D:\\demoo\\fresh fit finds\\views\\product\\bagmain.ejs"}
{"level":"error","path":"D:\\demoo\\fresh fit finds\\views\\product\\bagmain.ejs"}
{"level":"error","path":"D:\\demoo\\fresh fit finds\\views\\product\\bagmain.ejs"}
{"level":"error","path":"D:\\demoo\\fresh fit finds\\views\\product\\bagmain.ejs"}
{"level":"error","path":"D:\\demoo\\fresh fit finds\\views\\product\\bagmain.ejs"}
{"level":"error","path":"D:\\demoo\\fresh fit finds\\views\\product\\bagmain.ejs"}
{"level":"error","path":"D:\\demoo\\fresh fit finds\\views\\product\\bagmain.ejs"}
{"level":"error","path":"D:\\demoo\\fresh fit finds\\views\\product\\bagmain.ejs"}
{"level":"error","path":"D:\\demoo\\fresh fit finds\\views\\product\\bagmain.ejs"}
{"level":"error","path":"D:\\demoo\\fresh fit finds\\views\\product\\bagmain.ejs"}
{"level":"error","path":"D:\\demoo\\fresh fit finds\\views\\product\\bagmain.ejs"}
{"level":"error","path":"D:\\demoo\\fresh fit finds\\views\\product\\bagmain.ejs"}
{"level":"error","path":"D:\\demoo\\fresh fit finds\\views\\product\\bagmain.ejs"}
{"level":"error","path":"D:\\demoo\\fresh fit finds\\views\\product\\bagmain.ejs"}
{"level":"error","path":"D:\\demoo\\fresh fit finds\\views\\product\\bagmain.ejs"}
{"level":"error","path":"D:\\demoo\\fresh fit finds\\views\\product\\bagmain.ejs"}
{"level":"error","path":"D:\\demoo\\fresh fit finds\\views\\product\\bagmain.ejs"}
{"level":"error","path":"D:\\demoo\\fresh fit finds\\views\\product\\bagmain.ejs"}
{"level":"error","path":"D:\\demoo\\fresh fit finds\\views\\product\\bagmain.ejs"}
{"level":"error","path":"D:\\demoo\\fresh fit finds\\views\\product\\bagmain.ejs"}
{"level":"error","path":"D:\\demoo\\fresh fit finds\\views\\product\\bagmain.ejs"}
{"level":"error","path":"D:\\demoo\\fresh fit finds\\views\\product\\bagmain.ejs"}
{"level":"error","path":"D:\\demoo\\fresh fit finds\\views\\product\\bagmain.ejs"}
{"level":"error","path":"D:\\demoo\\fresh fit finds\\views\\product\\bagmain.ejs"}
{"level":"error","path":"D:\\demoo\\fresh fit finds\\views\\product\\bagmain.ejs"}
{"level":"error","path":"D:\\demoo\\fresh fit finds\\views\\product\\bagmain.ejs"}
{"level":"error","path":"D:\\demoo\\fresh fit finds\\views\\product\\bagmain.ejs"}
{"level":"error","path":"D:\\demoo\\fresh fit finds\\views\\product\\bagmain.ejs"}
{"level":"error","path":"D:\\demoo\\fresh fit finds\\views\\product\\bagmain.ejs"}
{"level":"error","path":"D:\\demoo\\fresh fit finds\\views\\product\\bagmain.ejs"}
{"level":"error","path":"D:\\demoo\\fresh fit finds\\views\\product\\bagmain.ejs"}
{"level":"error","path":"D:\\demoo\\fresh fit finds\\views\\product\\bagmain.ejs"}
{"level":"error","path":"D:\\demoo\\fresh fit finds\\views\\product\\bagmain.ejs"}
{"level":"error","path":"D:\\demoo\\fresh fit finds\\views\\product\\bagmain.ejs"}
{"level":"error","path":"D:\\demoo\\fresh fit finds\\views\\product\\bagmain.ejs"}
{"level":"error","path":"D:\\demoo\\fresh fit finds\\views\\product\\bagmain.ejs"}
{"level":"error","path":"D:\\demoo\\fresh fit finds\\views\\product\\bagmain.ejs"}
{"level":"error","path":"D:\\demoo\\fresh fit finds\\views\\product\\bagmain.ejs"}
{"level":"error","path":"D:\\demoo\\fresh fit finds\\views\\product\\bagmain.ejs"}
{"level":"error","path":"D:\\demoo\\fresh fit finds\\views\\product\\bagmain.ejs"}
{"level":"error","path":"D:\\demoo\\fresh fit finds\\views\\product\\bagmain.ejs"}
{"level":"error","path":"D:\\demoo\\fresh fit finds\\views\\product\\bagmain.ejs"}
{"level":"error","path":"D:\\demoo\\fresh fit finds\\views\\product\\bagmain.ejs"}
{"level":"error","path":"D:\\demoo\\fresh fit finds\\views\\product\\bagmain.ejs"}
{"level":"error","path":"D:\\demoo\\fresh fit finds\\views\\product\\bagmain.ejs"}
{"level":"error","path":"D:\\demoo\\fresh fit finds\\views\\product\\bagmain.ejs"}
{"level":"error","path":"D:\\demoo\\fresh fit finds\\views\\product\\bagmain.ejs"}
{"level":"error","path":"D:\\demoo\\fresh fit finds\\views\\product\\bagmain.ejs"}
{"level":"error","path":"D:\\demoo\\fresh fit finds\\views\\product\\bagmain.ejs"}
{"level":"error","path":"D:\\demoo\\fresh fit finds\\views\\product\\bagmain.ejs"}
{"level":"error","path":"D:\\demoo\\fresh fit finds\\views\\product\\bagmain.ejs"}
{"level":"error","path":"D:\\demoo\\fresh fit finds\\views\\product\\bagmain.ejs"}
{"level":"error","path":"D:\\demoo\\fresh fit finds\\views\\product\\bagmain.ejs"}
{"level":"error","path":"D:\\demoo\\fresh fit finds\\views\\product\\bagmain.ejs"}
{"level":"error","path":"D:\\demoo\\fresh fit finds\\views\\product\\bagmain.ejs"}
{"level":"error","path":"D:\\demoo\\fresh fit finds\\views\\product\\bagmain.ejs"}
{"level":"error","path":"D:\\demoo\\fresh fit finds\\views\\product\\bagmain.ejs"}
{"level":"error","path":"D:\\demoo\\fresh fit finds\\views\\product\\bagmain.ejs"}
{"level":"error","path":"D:\\demoo\\fresh fit finds\\views\\product\\bagmain.ejs"}
{"level":"error","path":"D:\\demoo\\fresh fit finds\\views\\product\\bagmain.ejs"}
{"level":"error","path":"D:\\demoo\\fresh fit finds\\views\\product\\bagmain.ejs"}
{"level":"error","path":"D:\\demoo\\fresh fit finds\\views\\product\\bagmain.ejs"}
{"level":"error","path":"D:\\demoo\\fresh fit finds\\views\\product\\bagmain.ejs"}
{"level":"error","path":"D:\\demoo\\fresh fit finds\\views\\product\\bagmain.ejs"}
{"level":"error","path":"D:\\demoo\\fresh fit finds\\views\\product\\bagmain.ejs"}
{"level":"error","path":"D:\\demoo\\fresh fit finds\\views\\product\\bagmain.ejs"}
{"level":"error","path":"D:\\demoo\\fresh fit finds\\views\\product\\bagmain.ejs"}
{"level":"error","path":"D:\\demoo\\fresh fit finds\\views\\product\\bagmain.ejs"}
{"level":"error","path":"D:\\demoo\\fresh fit finds\\views\\product\\bagmain.ejs"}
{"level":"error","path":"D:\\demoo\\fresh fit finds\\views\\product\\bagmain.ejs"}
{"level":"error","path":"D:\\demoo\\fresh fit finds\\views\\product\\bagmain.ejs"}
{"level":"error","path":"D:\\demoo\\fresh fit finds\\views\\product\\bagmain.ejs"}
{"level":"error","path":"D:\\demoo\\fresh fit finds\\views\\product\\bagmain.ejs"}
{"level":"error","path":"D:\\demoo\\fresh fit finds\\views\\product\\bagmain.ejs"}
{"level":"error","path":"D:\\demoo\\fresh fit finds\\views\\product\\bagmain.ejs"}
{"level":"error","path":"D:\\demoo\\fresh fit finds\\views\\product\\bagmain.ejs"}
{"level":"error","path":"D:\\demoo\\fresh fit finds\\views\\product\\bagmain.ejs"}
{"level":"error","path":"D:\\demoo\\fresh fit finds\\views\\product\\bagmain.ejs"}
{"level":"error","path":"D:\\demoo\\fresh fit finds\\views\\product\\bagmain.ejs"}
{"level":"error","path":"D:\\demoo\\fresh fit finds\\views\\product\\bagmain.ejs"}
{"level":"error","path":"D:\\demoo\\fresh fit finds\\views\\product\\bagmain.ejs"}
{"level":"error","path":"D:\\demoo\\fresh fit finds\\views\\product\\bagmain.ejs"}
{"level":"error","path":"D:\\demoo\\fresh fit finds\\views\\product\\bagmain.ejs"}
{"level":"error","path":"D:\\demoo\\fresh fit finds\\views\\product\\bagmain.ejs"}
{"level":"error","path":"D:\\demoo\\fresh fit finds\\views\\product\\bagmain.ejs"}
{"level":"error","path":"D:\\demoo\\fresh fit finds\\views\\product\\bagmain.ejs"}
{"level":"error","path":"D:\\demoo\\fresh fit finds\\views\\product\\bagmain.ejs"}
{"level":"error","path":"D:\\demoo\\fresh fit finds\\views\\product\\bagmain.ejs"}
{"level":"error","path":"D:\\demoo\\fresh fit finds\\views\\product\\bagmain.ejs"}
{"level":"error","path":"D:\\demoo\\fresh fit finds\\views\\product\\bagmain.ejs"}
{"level":"error","path":"D:\\demoo\\fresh fit finds\\views\\product\\bagmain.ejs"}
{"level":"error","path":"D:\\demoo\\fresh fit finds\\views\\product\\bagmain.ejs"}
{"level":"error","path":"D:\\demoo\\fresh fit finds\\views\\product\\bagmain.ejs"}
{"level":"error","path":"D:\\demoo\\fresh fit finds\\views\\product\\bagmain.ejs"}
{"level":"error","path":"D:\\demoo\\fresh fit finds\\views\\product\\bagmain.ejs"}
{"level":"error","path":"D:\\demoo\\fresh fit finds\\views\\product\\bagmain.ejs"}
{"level":"error","path":"D:\\demoo\\fresh fit finds\\views\\product\\bagmain.ejs"}
{"level":"error","path":"D:\\demoo\\fresh fit finds\\views\\product\\bagmain.ejs"}
{"level":"error","path":"D:\\demoo\\fresh fit finds\\views\\product\\bagmain.ejs"}
{"level":"error","path":"D:\\demoo\\fresh fit finds\\views\\product\\bagmain.ejs"}
{"level":"error","path":"D:\\demoo\\fresh fit finds\\views\\product\\bagmain.ejs"}
{"level":"error","path":"D:\\demoo\\fresh fit finds\\views\\product\\bagmain.ejs"}
{"level":"error","path":"D:\\demoo\\fresh fit finds\\views\\product\\bagmain.ejs"}
{"level":"error","path":"D:\\demoo\\fresh fit finds\\views\\product\\bagmain.ejs"}
{"level":"error","path":"D:\\demoo\\fresh fit finds\\views\\product\\bagmain.ejs"}
{"level":"error","path":"D:\\demoo\\fresh fit finds\\views\\product\\bagmain.ejs"}
{"level":"error","path":"D:\\demoo\\fresh fit finds\\views\\product\\bagmain.ejs"}
{"level":"error","path":"D:\\demoo\\fresh fit finds\\views\\product\\bagmain.ejs"}
{"level":"error","path":"D:\\demoo\\fresh fit finds\\views\\product\\bagmain.ejs"}
{"level":"error","path":"D:\\demoo\\fresh fit finds\\views\\product\\bagmain.ejs"}
{"level":"error","path":"D:\\demoo\\fresh fit finds\\views\\product\\bagmain.ejs"}
{"level":"error","path":"D:\\demoo\\fresh fit finds\\views\\product\\bagmain.ejs"}
{"level":"error","path":"D:\\demoo\\fresh fit finds\\views\\product\\bagmain.ejs"}
{"level":"error","path":"D:\\demoo\\fresh fit finds\\views\\product\\bagmain.ejs"}
{"level":"error","path":"D:\\demoo\\fresh fit finds\\views\\product\\bagmain.ejs"}
{"level":"error","path":"D:\\demoo\\fresh fit finds\\views\\product\\bagmain.ejs"}
{"level":"error","path":"D:\\demoo\\fresh fit finds - Copy\\views\\admin\\admin.ejs"}
{"level":"error","path":"D:\\demoo\\fresh fit finds - Copy\\views\\admin\\admin.ejs"}
{"level":"error","path":"D:\\demoo\\fresh fit finds - Copy\\views\\admin\\admin.ejs"}
{"level":"error","path":"D:\\demoo\\fresh fit finds - Copy\\views\\admin\\admin.ejs"}
{"level":"error","path":"D:\\demoo\\fresh fit finds - Copy\\views\\admin\\admin.ejs"}
{"level":"error","path":"D:\\demoo\\fresh fit finds - Copy\\views\\admin\\admin.ejs"}
{"level":"error","path":"D:\\demoo\\fresh fit finds - Copy\\views\\admin\\admin.ejs"}
{"level":"error","path":"D:\\demoo\\fresh fit finds - Copy\\views\\admin\\admin.ejs"}
{"level":"error","path":"D:\\demoo\\fresh fit finds - Copy\\views\\admin\\admin.ejs"}
{"level":"error","path":"D:\\demoo\\fresh fit finds - Copy\\views\\admin\\admin.ejs"}
{"level":"error","path":"D:\\demoo\\fresh fit finds - Copy\\views\\admin\\admin.ejs"}
{"level":"error","path":"D:\\demoo\\fresh fit finds - Copy\\views\\admin\\admin.ejs"}
{"level":"error","path":"D:\\demoo\\fresh fit finds - Copy\\views\\admin\\admin.ejs"}
{"level":"error","path":"D:\\demoo\\fresh fit finds - Copy\\views\\admin\\admin.ejs"}
{"level":"error","path":"D:\\demoo\\fresh fit finds - Copy\\views\\admin\\admin.ejs"}
{"level":"error","path":"D:\\demoo\\fresh fit finds - Copy\\views\\admin\\admin.ejs"}
{"level":"error","path":"D:\\demoo\\fresh fit finds - Copy\\views\\admin\\admin.ejs"}
{"level":"error","path":"D:\\demoo\\fresh fit finds - Copy\\views\\admin\\admin.ejs"}
{"level":"error","path":"D:\\demoo\\fresh fit finds - Copy\\views\\admin\\admin.ejs"}
{"level":"error","path":"D:\\demoo\\fresh fit finds - Copy\\views\\admin\\admin.ejs"}
{"level":"error","path":"D:\\demoo\\fresh fit finds - Copy\\views\\admin\\admin.ejs"}
{"level":"error","path":"D:\\demoo\\fresh fit finds - Copy\\views\\product\\bagmain.ejs"}
{"level":"error","path":"D:\\demoo\\fresh fit finds - Copy\\views\\product\\bagmain.ejs"}
{"level":"error","path":"D:\\demoo\\fresh fit finds - Copy\\views\\product\\bagmain.ejs"}
{"level":"error","path":"D:\\demoo\\fresh fit finds - Copy\\views\\product\\bagmain.ejs"}
{"level":"error","path":"D:\\demoo\\fresh fit finds - Copy\\views\\product\\bagmain.ejs"}
{"level":"error","path":"D:\\demoo\\fresh fit finds - Copy\\views\\product\\bagmain.ejs"}
{"level":"error","path":"D:\\demoo\\fresh fit finds - Copy\\views\\product\\bagmain.ejs"}
{"level":"error","path":"D:\\demoo\\fresh fit finds - Copy\\views\\product\\bagmain.ejs"}
{"level":"error","path":"D:\\demoo\\fresh fit finds - Copy\\views\\product\\bagmain.ejs"}
{"level":"error","path":"D:\\demoo\\fresh fit finds - Copy\\views\\product\\bagmain.ejs"}
{"level":"error","path":"D:\\demoo\\fresh fit finds - Copy\\views\\product\\bagmain.ejs"}
{"level":"error","path":"D:\\demoo\\fresh fit finds - Copy\\views\\product\\bagmain.ejs"}
{"level":"error","path":"D:\\demoo\\fresh fit finds - Copy\\views\\product\\bagmain.ejs"}
{"level":"error","path":"D:\\demoo\\fresh fit finds - Copy\\views\\product\\bagmain.ejs"}
{"level":"error","path":"D:\\demoo\\fresh fit finds - Copy\\views\\product\\bagmain.ejs"}
